<?xml version="1.0" encoding="UTF-8"?>
<testng-results ignored="0" total="1" passed="1" failed="0" skipped="0">
  <reporter-output>
  </reporter-output>
  <suite started-at="2025-07-17T00:51:51 IST" name="Suite" finished-at="2025-07-17T00:52:23 IST" duration-ms="32923">
    <groups>
      <group name="sanity">
        <method signature="TC_Registration.account_Register()[pri:0, instance:com.medimention.testCases.TC_Registration@6a28ffa4]" name="account_Register" class="com.medimention.testCases.TC_Registration"/>
      </group> <!-- sanity -->
    </groups>
    <test started-at="2025-07-17T00:51:51 IST" name="Test" finished-at="2025-07-17T00:52:23 IST" duration-ms="32923">
      <class name="com.medimention.testCases.TC_Registration">
        <test-method is-config="true" signature="setUp(java.lang.String,java.lang.String)[pri:0, instance:com.medimention.testCases.TC_Registration@6a28ffa4]" started-at="2025-07-17T00:51:51 IST" name="setUp" finished-at="2025-07-17T00:52:00 IST" duration-ms="9693" status="PASS">
          <params>
            <param index="0">
              <value>
                <![CDATA[Windows]]>
              </value>
            </param>
            <param index="1">
              <value>
                <![CDATA[edge]]>
              </value>
            </param>
          </params>
          <reporter-output>
          </reporter-output>
        </test-method> <!-- setUp -->
        <test-method signature="account_Register()[pri:0, instance:com.medimention.testCases.TC_Registration@6a28ffa4]" started-at="2025-07-17T00:52:00 IST" name="account_Register" finished-at="2025-07-17T00:52:23 IST" duration-ms="22331" status="PASS">
          <reporter-output>
          </reporter-output>
        </test-method> <!-- account_Register -->
        <test-method is-config="true" signature="tearDown()[pri:0, instance:com.medimention.testCases.TC_Registration@6a28ffa4]" started-at="2025-07-17T00:52:23 IST" name="tearDown" finished-at="2025-07-17T00:52:23 IST" duration-ms="818" status="PASS">
          <reporter-output>
          </reporter-output>
        </test-method> <!-- tearDown -->
      </class> <!-- com.medimention.testCases.TC_Registration -->
    </test> <!-- Test -->
  </suite> <!-- Suite -->
</testng-results>
