<?xml version="1.0" encoding="UTF-8"?>
<testng-results ignored="0" total="1" passed="1" failed="0" skipped="0">
  <reporter-output>
  </reporter-output>
  <suite started-at="2025-07-15T22:55:37 IST" name="Suite" finished-at="2025-07-15T22:57:14 IST" duration-ms="97612">
    <groups>
      <group name="sanity">
        <method signature="TC_Registration.account_Register()[pri:0, instance:com.medimention.testCases.TC_Registration@4550bb58]" name="account_Register" class="com.medimention.testCases.TC_Registration"/>
      </group> <!-- sanity -->
    </groups>
    <test started-at="2025-07-15T22:55:37 IST" name="Test" finished-at="2025-07-15T22:57:14 IST" duration-ms="97612">
      <class name="com.medimention.testCases.TC_Registration">
        <test-method is-config="true" signature="setUp(java.lang.String,java.lang.String)[pri:0, instance:com.medimention.testCases.TC_Registration@4550bb58]" started-at="2025-07-15T22:55:37 IST" name="setUp" finished-at="2025-07-15T22:56:29 IST" duration-ms="52405" status="PASS">
          <params>
            <param index="0">
              <value>
                <![CDATA[Windows]]>
              </value>
            </param>
            <param index="1">
              <value>
                <![CDATA[edge]]>
              </value>
            </param>
          </params>
          <reporter-output>
          </reporter-output>
        </test-method> <!-- setUp -->
        <test-method signature="account_Register()[pri:0, instance:com.medimention.testCases.TC_Registration@4550bb58]" started-at="2025-07-15T22:56:29 IST" name="account_Register" finished-at="2025-07-15T22:57:13 IST" duration-ms="43619" status="PASS">
          <reporter-output>
          </reporter-output>
        </test-method> <!-- account_Register -->
        <test-method is-config="true" signature="tearDown()[pri:0, instance:com.medimention.testCases.TC_Registration@4550bb58]" started-at="2025-07-15T22:57:13 IST" name="tearDown" finished-at="2025-07-15T22:57:14 IST" duration-ms="1436" status="PASS">
          <reporter-output>
          </reporter-output>
        </test-method> <!-- tearDown -->
      </class> <!-- com.medimention.testCases.TC_Registration -->
    </test> <!-- Test -->
  </suite> <!-- Suite -->
</testng-results>
